<?xml version="1.0" encoding="UTF-8"?>
<testsuite name="GameTest" tests="1" skipped="0" failures="0" errors="0" timestamp="2021-03-01T00:38:09" hostname="LAPTOP-UU1M9U8A" time="0.023">
  <properties/>
  <testcase name="shouldNotAddNavy()" classname="GameTest" time="0.023"/>
  <system-out><![CDATA[]]></system-out>
  <system-err><![CDATA[]]></system-err>
</testsuite>
